  [TARGET] opensbi
make -j4 -C /home/juhan/local/duo-buildroot-sdk/opensbi PLATFORM=generic \
    FW_PAYLOAD_PATH=/home/juhan/local/duo-buildroot-sdk/u-boot-2021.10/build/cv1800b_milkv_duo_sd/u-boot-raw.bin \
    FW_FDT_PATH=/home/juhan/local/duo-buildroot-sdk/u-boot-2021.10/build/cv1800b_milkv_duo_sd/arch/riscv/dts/cv1800b_milkv_duo_sd.dtb
make[1]: 进入目录“/home/juhan/local/duo-buildroot-sdk/opensbi”
 AS-DEP    platform/generic/firmware/fw_payload.dep
 AS-DEP    platform/generic/firmware/fw_jump.dep
 AS-DEP    platform/generic/firmware/fw_dynamic.dep
 AS-DEP    platform/generic/firmware/payloads/test_head.dep
 CC-DEP    platform/generic/firmware/payloads/test_main.dep
 CC-DEP    lib/utils/fdt/fdt_fixup.dep
 CC-DEP    lib/utils/fdt/fdt_helper.dep
 CC-DEP    lib/utils/fdt/fdt_domain.dep
 CC-DEP    lib/utils/ipi/fdt_ipi_clint.dep
 CC-DEP    lib/utils/ipi/fdt_ipi.dep
 CC-DEP    lib/utils/irqchip/plic.dep
 CC-DEP    lib/utils/irqchip/fdt_irqchip_plic.dep
 CC-DEP    lib/utils/irqchip/fdt_irqchip.dep
 CC-DEP    lib/utils/libfdt/fdt_wip.dep
 CC-DEP    lib/utils/libfdt/fdt_sw.dep
 CC-DEP    lib/utils/libfdt/fdt_strerror.dep
 CC-DEP    lib/utils/libfdt/fdt_rw.dep
 CC-DEP    lib/utils/libfdt/fdt_ro.dep
 CC-DEP    lib/utils/libfdt/fdt_empty_tree.dep
 CC-DEP    lib/utils/libfdt/fdt_check.dep
 CC-DEP    lib/utils/libfdt/fdt_addresses.dep
 CC-DEP    lib/utils/libfdt/fdt.dep
 AS-DEP    lib/utils/reset/fdt_reset_thead_asm.dep
 CC-DEP    lib/utils/reset/fdt_reset_thead.dep
 CC-DEP    lib/utils/reset/fdt_reset_sifive.dep
 CC-DEP    lib/utils/reset/fdt_reset_htif.dep
 CC-DEP    lib/utils/reset/fdt_reset.dep
 CC-DEP    lib/utils/serial/uart8250.dep
 CC-DEP    lib/utils/serial/sifive-uart.dep
 CC-DEP    lib/utils/serial/shakti-uart.dep
 CC-DEP    lib/utils/serial/fdt_serial_uart8250.dep
 CC-DEP    lib/utils/serial/fdt_serial_sifive.dep
 CC-DEP    lib/utils/serial/fdt_serial_shakti.dep
 CC-DEP    lib/utils/serial/fdt_serial_htif.dep
 CC-DEP    lib/utils/serial/fdt_serial.dep
 CC-DEP    lib/utils/sys/sifive_test.dep
 CC-DEP    lib/utils/sys/htif.dep
 CC-DEP    lib/utils/sys/clint.dep
 CC-DEP    lib/utils/timer/fdt_timer_clint.dep
 CC-DEP    lib/utils/timer/fdt_timer.dep
 AS-DEP    lib/sbi/sbi_expected_trap.dep
 CC-DEP    lib/sbi/sbi_unpriv.dep
 CC-DEP    lib/sbi/sbi_trap.dep
 CC-DEP    lib/sbi/sbi_tlb.dep
 CC-DEP    lib/sbi/sbi_timer.dep
 CC-DEP    lib/sbi/sbi_system.dep
 CC-DEP    lib/sbi/sbi_string.dep
 CC-DEP    lib/sbi/sbi_scratch.dep
 CC-DEP    lib/sbi/sbi_platform.dep
 CC-DEP    lib/sbi/sbi_misaligned_ldst.dep
 CC-DEP    lib/sbi/sbi_ipi.dep
 CC-DEP    lib/sbi/sbi_init.dep
 CC-DEP    lib/sbi/sbi_illegal_insn.dep
 CC-DEP    lib/sbi/sbi_hsm.dep
 AS-DEP    lib/sbi/sbi_hfence.dep
 CC-DEP    lib/sbi/sbi_math.dep
 CC-DEP    lib/sbi/sbi_hart.dep
 CC-DEP    lib/sbi/sbi_fifo.dep
 CC-DEP    lib/sbi/sbi_emulate_csr.dep
 CC-DEP    lib/sbi/sbi_ecall_vendor.dep
 CC-DEP    lib/sbi/sbi_ecall_replace.dep
 CC-DEP    lib/sbi/sbi_ecall_legacy.dep
 CC-DEP    lib/sbi/sbi_ecall_hsm.dep
 CC-DEP    lib/sbi/sbi_ecall_base.dep
 CC-DEP    lib/sbi/sbi_ecall.dep
 CC-DEP    lib/sbi/sbi_domain.dep
 CC-DEP    lib/sbi/sbi_console.dep
 CC-DEP    lib/sbi/sbi_bitops.dep
 CC-DEP    lib/sbi/sbi_bitmap.dep
 CC-DEP    lib/sbi/riscv_locks.dep
 AS-DEP    lib/sbi/riscv_hardfp.dep
 CC-DEP    lib/sbi/riscv_atomic.dep
 CC-DEP    lib/sbi/riscv_asm.dep
 CC-DEP    platform/generic/sifive_fu540.dep
 CC-DEP    platform/generic/platform.dep
 MERGE-DEP platform/generic/firmware/payloads/test.dep
 CC        lib/sbi/riscv_asm.o
 CC        lib/sbi/riscv_atomic.o
 AS        lib/sbi/riscv_hardfp.o
 CC        lib/sbi/riscv_locks.o
 CC        lib/sbi/sbi_bitmap.o
 CC        lib/sbi/sbi_bitops.o
 CC        lib/sbi/sbi_console.o
 CC        lib/sbi/sbi_domain.o
 CC        lib/sbi/sbi_ecall.o
 CC        lib/sbi/sbi_ecall_base.o
 CC        lib/sbi/sbi_ecall_hsm.o
 CC        lib/sbi/sbi_ecall_legacy.o
 CC        lib/sbi/sbi_ecall_replace.o
 CC        lib/sbi/sbi_ecall_vendor.o
 CC        lib/sbi/sbi_emulate_csr.o
 CC        lib/sbi/sbi_fifo.o
 CC        lib/sbi/sbi_hart.o
 CC        lib/sbi/sbi_math.o
 AS        lib/sbi/sbi_hfence.o
 CC        lib/sbi/sbi_hsm.o
 CC        lib/sbi/sbi_illegal_insn.o
 CC        lib/sbi/sbi_init.o
 CC        lib/sbi/sbi_ipi.o
 CC        lib/sbi/sbi_misaligned_ldst.o
 CC        lib/sbi/sbi_platform.o
 CC        lib/sbi/sbi_scratch.o
 CC        lib/sbi/sbi_string.o
 CC        lib/sbi/sbi_system.o
 CC        lib/sbi/sbi_timer.o
 CC        lib/sbi/sbi_tlb.o
 CC        lib/sbi/sbi_trap.o
 CC        lib/sbi/sbi_unpriv.o
 AS        lib/sbi/sbi_expected_trap.o
 CC        lib/utils/timer/fdt_timer.o
 CC        lib/utils/timer/fdt_timer_clint.o
 CC        lib/utils/sys/clint.o
 CC        lib/utils/sys/htif.o
 CC        lib/utils/sys/sifive_test.o
 CC        lib/utils/serial/fdt_serial.o
 CC        lib/utils/serial/fdt_serial_htif.o
 CC        lib/utils/serial/fdt_serial_shakti.o
 CC        lib/utils/serial/fdt_serial_sifive.o
 CC        lib/utils/serial/fdt_serial_uart8250.o
 CC        lib/utils/serial/shakti-uart.o
 CC        lib/utils/serial/sifive-uart.o
 CC        lib/utils/serial/uart8250.o
 CC        lib/utils/reset/fdt_reset.o
 CC        lib/utils/reset/fdt_reset_htif.o
 CC        lib/utils/reset/fdt_reset_sifive.o
 CC        lib/utils/reset/fdt_reset_thead.o
 AS        lib/utils/reset/fdt_reset_thead_asm.o
 CC        lib/utils/libfdt/fdt.o
 CC        lib/utils/libfdt/fdt_addresses.o
 CC        lib/utils/libfdt/fdt_check.o
 CC        lib/utils/libfdt/fdt_empty_tree.o
 CC        lib/utils/libfdt/fdt_ro.o
 CC        lib/utils/libfdt/fdt_rw.o
 CC        lib/utils/libfdt/fdt_strerror.o
 CC        lib/utils/libfdt/fdt_sw.o
 CC        lib/utils/libfdt/fdt_wip.o
 CC        lib/utils/irqchip/fdt_irqchip.o
 CC        lib/utils/irqchip/fdt_irqchip_plic.o
 CC        lib/utils/irqchip/plic.o
 CC        lib/utils/ipi/fdt_ipi.o
 CC        lib/utils/ipi/fdt_ipi_clint.o
 CC        lib/utils/fdt/fdt_domain.o
 CC        lib/utils/fdt/fdt_helper.o
 CC        lib/utils/fdt/fdt_fixup.o
 CC        platform/generic/platform.o
 CC        platform/generic/sifive_fu540.o
 AS        platform/generic/firmware/payloads/test_head.o
 CC        platform/generic/firmware/payloads/test_main.o
 CPP       platform/generic/firmware/payloads/test.elf.ld
 AS        platform/generic/firmware/fw_dynamic.o
 CPP       platform/generic/firmware/fw_dynamic.elf.ld
 AR        platform/generic/lib/libplatsbi.a
 AS        platform/generic/firmware/fw_jump.o
 CPP       platform/generic/firmware/fw_jump.elf.ld
 AS        platform/generic/firmware/fw_payload.o
 CPP       platform/generic/firmware/fw_payload.elf.ld
 AR        lib/libsbi.a
 AR        lib/libsbiutils.a
 MERGE     platform/generic/firmware/payloads/test.o
 ELF       platform/generic/firmware/fw_dynamic.elf
 ELF       platform/generic/firmware/fw_jump.elf
 ELF       platform/generic/firmware/fw_payload.elf
 ELF       platform/generic/firmware/payloads/test.elf
 OBJCOPY   platform/generic/firmware/fw_dynamic.bin
 OBJCOPY   platform/generic/firmware/fw_jump.bin
 OBJCOPY   platform/generic/firmware/fw_payload.bin
 OBJCOPY   platform/generic/firmware/payloads/test.bin
make[1]: 离开目录“/home/juhan/local/duo-buildroot-sdk/opensbi”
